<?xml version="1.0" encoding="UTF-8"?>
<!-- Generated by org.testng.reporters.JUnitReportReporter -->
<testsuite hostname="LAPTOP-RTRRLR7M" failures="0" tests="12" name="testngpkg.Janasya" time="32.336" errors="1" timestamp="2024-04-21T17:24:22 IST" skipped="0">
  <testcase classname="testngpkg.Janasya" name="arrivals" time="3.916"/>
  <system-out/>
  <testcase classname="testngpkg.Janasya" name="logo" time="0.101"/>
  <system-out/>
  <testcase classname="testngpkg.Janasya" name="items" time="0.490"/>
  <system-out/>
  <testcase classname="testngpkg.Janasya" name="category" time="4.587"/>
  <system-out/>
  <testcase classname="testngpkg.Janasya" name="links" time="0.461"/>
  <system-out/>
  <testcase classname="testngpkg.Janasya" name="menus" time="1.116"/>
  <system-out/>
  <testcase classname="testngpkg.Janasya" name="wishlist" time="0.329"/>
  <system-out/>
  <testcase classname="testngpkg.Janasya" name="cart" time="0.231"/>
  <system-out/>
  <testcase classname="testngpkg.Janasya" name="viewcart" time="12.933"/>
  <system-out/>
  <testcase classname="testngpkg.Janasya" name="contishop" time="3.504"/>
  <system-out/>
  <testcase classname="testngpkg.Janasya" name="ethnic" time="3.828"/>
  <system-out/>
  <testcase classname="testngpkg.Janasya" name="screenshot" time="0.840">
    <error message="C:\Users\hp admin\ethnic.png (The system cannot find the path specified)" type="java.io.FileNotFoundException">
      <![CDATA[java.io.FileNotFoundException: C:\Users\hp admin\ethnic.png (The system cannot find the path specified)
at java.base/java.io.FileOutputStream.open0(Native Method)
at java.base/java.io.FileOutputStream.open(FileOutputStream.java:289)
at java.base/java.io.FileOutputStream.<init>(FileOutputStream.java:230)
at java.base/java.io.FileOutputStream.<init>(FileOutputStream.java:179)
at org.openqa.selenium.io.FileHandler.copyFile(FileHandler.java:131)
at org.openqa.selenium.io.FileHandler.copy(FileHandler.java:110)
at testngpkg.Janasya.screenshot(Janasya.java:147)
at java.base/jdk.internal.reflect.DirectMethodHandleAccessor.invoke(DirectMethodHandleAccessor.java:103)
at java.base/java.lang.reflect.Method.invoke(Method.java:580)
at org.testng.internal.MethodInvocationHelper.invokeMethod(MethodInvocationHelper.java:133)
at org.testng.internal.TestInvoker.invokeMethod(TestInvoker.java:598)
at org.testng.internal.TestInvoker.invokeTestMethod(TestInvoker.java:173)
at org.testng.internal.MethodRunner.runInSequence(MethodRunner.java:46)
at org.testng.internal.TestInvoker$MethodInvocationAgent.invoke(TestInvoker.java:824)
at org.testng.internal.TestInvoker.invokeTestMethods(TestInvoker.java:146)
at org.testng.internal.TestMethodWorker.invokeTestMethods(TestMethodWorker.java:146)
at org.testng.internal.TestMethodWorker.run(TestMethodWorker.java:128)
at java.base/java.util.ArrayList.forEach(ArrayList.java:1596)
at org.testng.TestRunner.privateRun(TestRunner.java:794)
at org.testng.TestRunner.run(TestRunner.java:596)
at org.testng.SuiteRunner.runTest(SuiteRunner.java:377)
at org.testng.SuiteRunner.runSequentially(SuiteRunner.java:371)
at org.testng.SuiteRunner.privateRun(SuiteRunner.java:332)
at org.testng.SuiteRunner.run(SuiteRunner.java:276)
at org.testng.SuiteRunnerWorker.runSuite(SuiteRunnerWorker.java:53)
at org.testng.SuiteRunnerWorker.run(SuiteRunnerWorker.java:96)
at org.testng.TestNG.runSuitesSequentially(TestNG.java:1212)
at org.testng.TestNG.runSuitesLocally(TestNG.java:1134)
at org.testng.TestNG.runSuites(TestNG.java:1063)
at org.testng.TestNG.run(TestNG.java:1031)
at org.testng.remote.AbstractRemoteTestNG.run(AbstractRemoteTestNG.java:115)
at org.testng.remote.RemoteTestNG.initAndRun(RemoteTestNG.java:251)
at org.testng.remote.RemoteTestNG.main(RemoteTestNG.java:77)
]]>
    </error>
  </testcase> <!-- screenshot -->
  <system-out/>
</testsuite> <!-- testngpkg.Janasya -->
